[[[自动注册扩展缓存完成]]]
[2021/01/08 13:48:19.1622]
[线程：1]
注册总用时：3.2113ms
自动扫描程序集：0个
扩展缓存：

[[[自动注册扩展缓存完成]]]
[2021/01/08 13:59:27.8985]
[线程：1]
注册总用时：4.0785ms
自动扫描程序集：0个
扩展缓存：

[[[自动注册扩展缓存完成]]]
[2021/01/08 23:14:22.1195]
[线程：1]
注册总用时：3.5953ms
自动扫描程序集：0个
扩展缓存：

[[[自动注册扩展缓存完成]]]
[2021/01/08 23:41:15.5367]
[线程：1]
注册总用时：2.356ms
自动扫描程序集：0个
扩展缓存：

[[[自动注册扩展缓存完成]]]
[2021/01/08 23:46:29.1594]
[线程：1]
注册总用时：2.4735ms
自动扫描程序集：0个
扩展缓存：

[[[自动注册扩展缓存完成]]]
[2021/01/08 23:48:44.8086]
[线程：1]
注册总用时：2.5501ms
自动扫描程序集：0个
扩展缓存：

[[[自动注册扩展缓存完成]]]
[2021/01/08 23:51:19.0956]
[线程：1]
注册总用时：3.3766ms
自动扫描程序集：0个
扩展缓存：

[[[自动注册扩展缓存完成]]]
[2021/01/08 23:53:58.7105]
[线程：1]
注册总用时：2.5431ms
自动扫描程序集：0个
扩展缓存：

[[[自动注册扩展缓存完成]]]
[2021/01/08 23:55:46.5037]
[线程：1]
注册总用时：2.9626ms
自动扫描程序集：0个
扩展缓存：

[[[自动注册扩展缓存完成]]]
[2021/01/08 23:56:58.8743]
[线程：1]
注册总用时：2.5542ms
自动扫描程序集：0个
扩展缓存：

[[[自动注册扩展缓存完成]]]
[2021/01/08 23:57:10.7889]
[线程：1]
注册总用时：3.5269ms
自动扫描程序集：0个
扩展缓存：

[[[自动注册扩展缓存完成]]]
[2021/01/08 23:57:23.3959]
[线程：1]
注册总用时：2.9989ms
自动扫描程序集：0个
扩展缓存：

